{"D:\\sharma-G\\CARBON CREDIT- C3\\src\\App.css": {"path":"D:\\sharma-G\\CARBON CREDIT- C3\\src\\App.css","statementMap":{},"fnMap":{},"branchMap":{},"s":{},"f":{},"b":{},"meta":{"lastBranch":0,"lastFunction":0,"lastStatement":0,"seen":{},"fnNames":{}}}
,"D:\\sharma-G\\CARBON CREDIT- C3\\src\\App.jsx": {"path":"D:\\sharma-G\\CARBON CREDIT- C3\\src\\App.jsx","statementMap":{"0":{"start":{"line":10,"column":2},"end":{"line":38,"column":null}}},"fnMap":{"0":{"name":"App","decl":{"start":{"line":9,"column":9},"end":{"line":9,"column":15}},"loc":{"start":{"line":9,"column":15},"end":{"line":40,"column":null}},"line":9}},"branchMap":{},"s":{"0":1},"f":{"0":1},"b":{},"meta":{"lastBranch":0,"lastFunction":1,"lastStatement":1,"seen":{"f:9:9:9:15":0,"s:10:2:38:Infinity":0},"fnNames":{}}}
,"D:\\sharma-G\\CARBON CREDIT- C3\\src\\components\\ActivityInput.css": {"path":"D:\\sharma-G\\CARBON CREDIT- C3\\src\\components\\ActivityInput.css","statementMap":{},"fnMap":{},"branchMap":{},"s":{},"f":{},"b":{},"meta":{"lastBranch":0,"lastFunction":0,"lastStatement":0,"seen":{},"fnNames":{}}}
,"D:\\sharma-G\\CARBON CREDIT- C3\\src\\components\\ActivityInput.jsx": {"path":"D:\\sharma-G\\CARBON CREDIT- C3\\src\\components\\ActivityInput.jsx","statementMap":{"0":{"start":{"line":16,"column":19},"end":{"line":29,"column":null}},"1":{"start":{"line":31,"column":13},"end":{"line":89,"column":null}},"2":{"start":{"line":32,"column":23},"end":{"line":32,"column":null}},"3":{"start":{"line":33,"column":23},"end":{"line":33,"column":null}},"4":{"start":{"line":35,"column":8},"end":{"line":43,"column":null}},"5":{"start":{"line":36,"column":4},"end":{"line":40,"column":null}},"6":{"start":{"line":41,"column":4},"end":{"line":41,"column":null}},"7":{"start":{"line":42,"column":4},"end":{"line":42,"column":null}},"8":{"start":{"line":42,"column":21},"end":{"line":42,"column":42}},"9":{"start":{"line":45,"column":2},"end":{"line":87,"column":null}},"10":{"start":{"line":65,"column":10},"end":{"line":84,"column":null}},"11":{"start":{"line":69,"column":14},"end":{"line":73,"column":null}},"12":{"start":{"line":70,"column":16},"end":{"line":70,"column":null}},"13":{"start":{"line":72,"column":16},"end":{"line":72,"column":null}},"14":{"start":{"line":91,"column":0},"end":{"line":91,"column":null}}},"fnMap":{"0":{"name":"(anonymous_0)","decl":{"start":{"line":31,"column":29},"end":{"line":31,"column":40}},"loc":{"start":{"line":31,"column":40},"end":{"line":89,"column":1}},"line":31},"1":{"name":"(anonymous_1)","decl":{"start":{"line":35,"column":8},"end":{"line":35,"column":29}},"loc":{"start":{"line":35,"column":42},"end":{"line":43,"column":null}},"line":35},"2":{"name":"(anonymous_2)","decl":{"start":{"line":42,"column":4},"end":{"line":42,"column":21}},"loc":{"start":{"line":42,"column":21},"end":{"line":42,"column":42}},"line":42},"3":{"name":"(anonymous_3)","decl":{"start":{"line":64,"column":20},"end":{"line":64,"column":24}},"loc":{"start":{"line":65,"column":10},"end":{"line":84,"column":null}},"line":65},"4":{"name":"(anonymous_4)","decl":{"start":{"line":68,"column":12},"end":{"line":68,"column":27}},"loc":{"start":{"line":68,"column":27},"end":{"line":74,"column":null}},"line":68}},"branchMap":{"0":{"loc":{"start":{"line":57,"column":7},"end":{"line":60,"column":null}},"type":"binary-expr","locations":[{"start":{"line":57,"column":7},"end":{"line":57,"column":null}},{"start":{"line":58,"column":8},"end":{"line":60,"column":null}}],"line":57},"1":{"loc":{"start":{"line":67,"column":51},"end":{"line":67,"column":null}},"type":"cond-expr","locations":[{"start":{"line":67,"column":66},"end":{"line":67,"column":86}},{"start":{"line":67,"column":86},"end":{"line":67,"column":null}}],"line":67},"2":{"loc":{"start":{"line":69,"column":14},"end":{"line":73,"column":null}},"type":"if","locations":[{"start":{"line":69,"column":14},"end":{"line":73,"column":null}},{"start":{"line":71,"column":21},"end":{"line":73,"column":null}}],"line":69},"3":{"loc":{"start":{"line":69,"column":18},"end":{"line":69,"column":65}},"type":"binary-expr","locations":[{"start":{"line":69,"column":18},"end":{"line":69,"column":25}},{"start":{"line":69,"column":25},"end":{"line":69,"column":35}},{"start":{"line":69,"column":35},"end":{"line":69,"column":65}}],"line":69},"4":{"loc":{"start":{"line":75,"column":55},"end":{"line":75,"column":89}},"type":"cond-expr","locations":[{"start":{"line":75,"column":70},"end":{"line":75,"column":82}},{"start":{"line":75,"column":82},"end":{"line":75,"column":89}}],"line":75},"5":{"loc":{"start":{"line":82,"column":15},"end":{"line":82,"column":40}},"type":"cond-expr","locations":[{"start":{"line":82,"column":30},"end":{"line":82,"column":36}},{"start":{"line":82,"column":36},"end":{"line":82,"column":40}}],"line":82}},"s":{"0":2,"1":2,"2":4,"3":4,"4":4,"5":1,"6":1,"7":1,"8":0,"9":4,"10":48,"11":1,"12":1,"13":0,"14":2},"f":{"0":4,"1":1,"2":0,"3":48,"4":1},"b":{"0":[4,1],"1":[16,32],"2":[1,0],"3":[1,1,1],"4":[16,32],"5":[32,16]},"meta":{"lastBranch":6,"lastFunction":5,"lastStatement":15,"seen":{"s:16:19:29:Infinity":0,"s:31:13:89:Infinity":1,"f:31:29:31:40":0,"s:32:23:32:Infinity":2,"s:33:23:33:Infinity":3,"s:35:8:43:Infinity":4,"f:35:8:35:29":1,"s:36:4:40:Infinity":5,"s:41:4:41:Infinity":6,"s:42:4:42:Infinity":7,"f:42:4:42:21":2,"s:42:21:42:42":8,"s:45:2:87:Infinity":9,"b:57:7:57:Infinity:58:8:60:Infinity":0,"f:64:20:64:24":3,"s:65:10:84:Infinity":10,"b:67:66:67:86:67:86:67:Infinity":1,"f:68:12:68:27":4,"b:69:14:73:Infinity:71:21:73:Infinity":2,"s:69:14:73:Infinity":11,"b:69:18:69:25:69:25:69:35:69:35:69:65":3,"s:70:16:70:Infinity":12,"s:72:16:72:Infinity":13,"b:75:70:75:82:75:82:75:89":4,"b:82:30:82:36:82:36:82:40":5,"s:91:0:91:Infinity":14},"fnNames":{}}}
,"D:\\sharma-G\\CARBON CREDIT- C3\\src\\components\\EcosystemDisplay.css": {"path":"D:\\sharma-G\\CARBON CREDIT- C3\\src\\components\\EcosystemDisplay.css","statementMap":{},"fnMap":{},"branchMap":{},"s":{},"f":{},"b":{},"meta":{"lastBranch":0,"lastFunction":0,"lastStatement":0,"seen":{},"fnNames":{}}}
,"D:\\sharma-G\\CARBON CREDIT- C3\\src\\components\\EcosystemDisplay.jsx": {"path":"D:\\sharma-G\\CARBON CREDIT- C3\\src\\components\\EcosystemDisplay.jsx","statementMap":{"0":{"start":{"line":6,"column":13},"end":{"line":97,"column":null}},"1":{"start":{"line":7,"column":26},"end":{"line":7,"column":null}},"2":{"start":{"line":9,"column":8},"end":{"line":61,"column":null}},"3":{"start":{"line":10,"column":4},"end":{"line":60,"column":null}},"4":{"start":{"line":12,"column":8},"end":{"line":22,"column":null}},"5":{"start":{"line":24,"column":8},"end":{"line":34,"column":null}},"6":{"start":{"line":36,"column":8},"end":{"line":46,"column":null}},"7":{"start":{"line":49,"column":8},"end":{"line":59,"column":null}},"8":{"start":{"line":63,"column":2},"end":{"line":95,"column":null}},"9":{"start":{"line":99,"column":0},"end":{"line":99,"column":null}}},"fnMap":{"0":{"name":"(anonymous_0)","decl":{"start":{"line":6,"column":32},"end":{"line":6,"column":43}},"loc":{"start":{"line":6,"column":43},"end":{"line":97,"column":1}},"line":6},"1":{"name":"(anonymous_1)","decl":{"start":{"line":9,"column":17},"end":{"line":9,"column":31}},"loc":{"start":{"line":9,"column":31},"end":{"line":61,"column":5}},"line":9}},"branchMap":{"0":{"loc":{"start":{"line":10,"column":4},"end":{"line":60,"column":null}},"type":"switch","locations":[{"start":{"line":11,"column":6},"end":{"line":22,"column":null}},{"start":{"line":23,"column":6},"end":{"line":34,"column":null}},{"start":{"line":35,"column":6},"end":{"line":46,"column":null}},{"start":{"line":47,"column":6},"end":{"line":47,"column":null}},{"start":{"line":48,"column":6},"end":{"line":59,"column":null}}],"line":10}},"s":{"0":2,"1":3,"2":3,"3":3,"4":2,"5":0,"6":0,"7":1,"8":3,"9":2},"f":{"0":3,"1":3},"b":{"0":[2,0,0,1,1]},"meta":{"lastBranch":1,"lastFunction":2,"lastStatement":10,"seen":{"s:6:13:97:Infinity":0,"f:6:32:6:43":0,"s:7:26:7:Infinity":1,"s:9:8:61:Infinity":2,"f:9:17:9:31":1,"b:11:6:22:Infinity:23:6:34:Infinity:35:6:46:Infinity:47:6:47:Infinity:48:6:59:Infinity":0,"s:10:4:60:Infinity":3,"s:12:8:22:Infinity":4,"s:24:8:34:Infinity":5,"s:36:8:46:Infinity":6,"s:49:8:59:Infinity":7,"s:63:2:95:Infinity":8,"s:99:0:99:Infinity":9},"fnNames":{}}}
,"D:\\sharma-G\\CARBON CREDIT- C3\\src\\components\\Leaderboard.css": {"path":"D:\\sharma-G\\CARBON CREDIT- C3\\src\\components\\Leaderboard.css","statementMap":{},"fnMap":{},"branchMap":{},"s":{},"f":{},"b":{},"meta":{"lastBranch":0,"lastFunction":0,"lastStatement":0,"seen":{},"fnNames":{}}}
,"D:\\sharma-G\\CARBON CREDIT- C3\\src\\components\\Leaderboard.jsx": {"path":"D:\\sharma-G\\CARBON CREDIT- C3\\src\\components\\Leaderboard.jsx","statementMap":{"0":{"start":{"line":6,"column":19},"end":{"line":11,"column":null}},"1":{"start":{"line":13,"column":13},"end":{"line":63,"column":null}},"2":{"start":{"line":14,"column":10},"end":{"line":14,"column":null}},"3":{"start":{"line":17,"column":19},"end":{"line":23,"column":null}},"4":{"start":{"line":25,"column":19},"end":{"line":25,"column":null}},"5":{"start":{"line":25,"column":60},"end":{"line":25,"column":77}},"6":{"start":{"line":27,"column":2},"end":{"line":61,"column":null}},"7":{"start":{"line":41,"column":10},"end":{"line":58,"column":null}},"8":{"start":{"line":65,"column":0},"end":{"line":65,"column":null}}},"fnMap":{"0":{"name":"(anonymous_0)","decl":{"start":{"line":13,"column":27},"end":{"line":13,"column":38}},"loc":{"start":{"line":13,"column":38},"end":{"line":63,"column":1}},"line":13},"1":{"name":"(anonymous_1)","decl":{"start":{"line":25,"column":45},"end":{"line":25,"column":51}},"loc":{"start":{"line":25,"column":60},"end":{"line":25,"column":77}},"line":25},"2":{"name":"(anonymous_2)","decl":{"start":{"line":40,"column":18},"end":{"line":40,"column":23}},"loc":{"start":{"line":41,"column":10},"end":{"line":58,"column":null}},"line":41}},"branchMap":{"0":{"loc":{"start":{"line":43,"column":43},"end":{"line":43,"column":null}},"type":"cond-expr","locations":[{"start":{"line":43,"column":57},"end":{"line":43,"column":76}},{"start":{"line":43,"column":76},"end":{"line":43,"column":null}}],"line":43},"1":{"loc":{"start":{"line":54,"column":15},"end":{"line":54,"column":null}},"type":"binary-expr","locations":[{"start":{"line":54,"column":15},"end":{"line":54,"column":40}},{"start":{"line":54,"column":40},"end":{"line":54,"column":null}}],"line":54},"2":{"loc":{"start":{"line":55,"column":15},"end":{"line":55,"column":null}},"type":"binary-expr","locations":[{"start":{"line":55,"column":15},"end":{"line":55,"column":38}},{"start":{"line":55,"column":38},"end":{"line":55,"column":null}}],"line":55},"3":{"loc":{"start":{"line":56,"column":15},"end":{"line":56,"column":null}},"type":"binary-expr","locations":[{"start":{"line":56,"column":15},"end":{"line":56,"column":42}},{"start":{"line":56,"column":42},"end":{"line":56,"column":null}}],"line":56}},"s":{"0":2,"1":2,"2":2,"3":2,"4":2,"5":14,"6":2,"7":10,"8":2},"f":{"0":2,"1":14,"2":10},"b":{"0":[2,8],"1":[10,4],"2":[10,4],"3":[10,2]},"meta":{"lastBranch":4,"lastFunction":3,"lastStatement":9,"seen":{"s:6:19:11:Infinity":0,"s:13:13:63:Infinity":1,"f:13:27:13:38":0,"s:14:10:14:Infinity":2,"s:17:19:23:Infinity":3,"s:25:19:25:Infinity":4,"f:25:45:25:51":1,"s:25:60:25:77":5,"s:27:2:61:Infinity":6,"f:40:18:40:23":2,"s:41:10:58:Infinity":7,"b:43:57:43:76:43:76:43:Infinity":0,"b:54:15:54:40:54:40:54:Infinity":1,"b:55:15:55:38:55:38:55:Infinity":2,"b:56:15:56:42:56:42:56:Infinity":3,"s:65:0:65:Infinity":8},"fnNames":{}}}
,"D:\\sharma-G\\CARBON CREDIT- C3\\src\\components\\NudgePanel.css": {"path":"D:\\sharma-G\\CARBON CREDIT- C3\\src\\components\\NudgePanel.css","statementMap":{},"fnMap":{},"branchMap":{},"s":{},"f":{},"b":{},"meta":{"lastBranch":0,"lastFunction":0,"lastStatement":0,"seen":{},"fnNames":{}}}
,"D:\\sharma-G\\CARBON CREDIT- C3\\src\\components\\NudgePanel.jsx": {"path":"D:\\sharma-G\\CARBON CREDIT- C3\\src\\components\\NudgePanel.jsx","statementMap":{"0":{"start":{"line":7,"column":13},"end":{"line":42,"column":null}},"1":{"start":{"line":8,"column":23},"end":{"line":8,"column":null}},"2":{"start":{"line":10,"column":2},"end":{"line":10,"column":null}},"3":{"start":{"line":10,"column":31},"end":{"line":10,"column":null}},"4":{"start":{"line":12,"column":25},"end":{"line":12,"column":null}},"5":{"start":{"line":13,"column":8},"end":{"line":13,"column":null}},"6":{"start":{"line":15,"column":2},"end":{"line":40,"column":null}},"7":{"start":{"line":33,"column":12},"end":{"line":36,"column":null}},"8":{"start":{"line":44,"column":0},"end":{"line":44,"column":null}}},"fnMap":{"0":{"name":"(anonymous_0)","decl":{"start":{"line":7,"column":26},"end":{"line":7,"column":37}},"loc":{"start":{"line":7,"column":37},"end":{"line":42,"column":1}},"line":7},"1":{"name":"(anonymous_1)","decl":{"start":{"line":32,"column":23},"end":{"line":32,"column":27}},"loc":{"start":{"line":33,"column":12},"end":{"line":36,"column":null}},"line":33}},"branchMap":{"0":{"loc":{"start":{"line":10,"column":2},"end":{"line":10,"column":null}},"type":"if","locations":[{"start":{"line":10,"column":2},"end":{"line":10,"column":null}},{"start":{},"end":{}}],"line":10},"1":{"loc":{"start":{"line":22,"column":7},"end":{"line":26,"column":null}},"type":"binary-expr","locations":[{"start":{"line":22,"column":7},"end":{"line":22,"column":null}},{"start":{"line":23,"column":8},"end":{"line":26,"column":null}}],"line":22},"2":{"loc":{"start":{"line":29,"column":7},"end":{"line":38,"column":null}},"type":"binary-expr","locations":[{"start":{"line":29,"column":7},"end":{"line":29,"column":null}},{"start":{"line":30,"column":8},"end":{"line":38,"column":null}}],"line":29}},"s":{"0":2,"1":3,"2":3,"3":2,"4":1,"5":1,"6":1,"7":3,"8":2},"f":{"0":3,"1":3},"b":{"0":[2,1],"1":[1,1],"2":[3,1]},"meta":{"lastBranch":3,"lastFunction":2,"lastStatement":9,"seen":{"s:7:13:42:Infinity":0,"f:7:26:7:37":0,"s:8:23:8:Infinity":1,"b:10:2:10:Infinity:undefined:undefined:undefined:undefined":0,"s:10:2:10:Infinity":2,"s:10:31:10:Infinity":3,"s:12:25:12:Infinity":4,"s:13:8:13:Infinity":5,"s:15:2:40:Infinity":6,"b:22:7:22:Infinity:23:8:26:Infinity":1,"b:29:7:29:Infinity:30:8:38:Infinity":2,"f:32:23:32:27":1,"s:33:12:36:Infinity":7,"s:44:0:44:Infinity":8},"fnNames":{}}}
,"D:\\sharma-G\\CARBON CREDIT- C3\\src\\context\\CarbonContext.jsx": {"path":"D:\\sharma-G\\CARBON CREDIT- C3\\src\\context\\CarbonContext.jsx","statementMap":{"0":{"start":{"line":5,"column":6},"end":{"line":5,"column":null}},"1":{"start":{"line":7,"column":13},"end":{"line":7,"column":null}},"2":{"start":{"line":9,"column":13},"end":{"line":47,"column":null}},"3":{"start":{"line":10,"column":21},"end":{"line":10,"column":null}},"4":{"start":{"line":11,"column":22},"end":{"line":11,"column":null}},"5":{"start":{"line":14,"column":8},"end":{"line":14,"column":null}},"6":{"start":{"line":14,"column":36},"end":{"line":14,"column":88}},"7":{"start":{"line":14,"column":68},"end":{"line":14,"column":84}},"8":{"start":{"line":15,"column":8},"end":{"line":15,"column":null}},"9":{"start":{"line":15,"column":25},"end":{"line":15,"column":71}},"10":{"start":{"line":17,"column":8},"end":{"line":28,"column":null}},"11":{"start":{"line":18,"column":24},"end":{"line":22,"column":null}},"12":{"start":{"line":24,"column":4},"end":{"line":24,"column":null}},"13":{"start":{"line":24,"column":26},"end":{"line":24,"column":48}},"14":{"start":{"line":27,"column":4},"end":{"line":27,"column":null}},"15":{"start":{"line":30,"column":8},"end":{"line":33,"column":null}},"16":{"start":{"line":31,"column":4},"end":{"line":31,"column":null}},"17":{"start":{"line":32,"column":4},"end":{"line":32,"column":null}},"18":{"start":{"line":35,"column":2},"end":{"line":45,"column":null}}},"fnMap":{"0":{"name":"(anonymous_0)","decl":{"start":{"line":7,"column":13},"end":{"line":7,"column":31}},"loc":{"start":{"line":7,"column":13},"end":{"line":7,"column":null}},"line":7},"1":{"name":"(anonymous_1)","decl":{"start":{"line":9,"column":13},"end":{"line":9,"column":31}},"loc":{"start":{"line":9,"column":48},"end":{"line":47,"column":null}},"line":9},"2":{"name":"(anonymous_2)","decl":{"start":{"line":14,"column":22},"end":{"line":14,"column":36}},"loc":{"start":{"line":14,"column":36},"end":{"line":14,"column":88}},"line":14},"3":{"name":"(anonymous_3)","decl":{"start":{"line":14,"column":47},"end":{"line":14,"column":55}},"loc":{"start":{"line":14,"column":68},"end":{"line":14,"column":84}},"line":14},"4":{"name":"(anonymous_4)","decl":{"start":{"line":15,"column":25},"end":{"line":15,"column":39}},"loc":{"start":{"line":15,"column":25},"end":{"line":15,"column":71}},"line":15},"5":{"name":"(anonymous_5)","decl":{"start":{"line":17,"column":22},"end":{"line":17,"column":35}},"loc":{"start":{"line":17,"column":48},"end":{"line":28,"column":5}},"line":17},"6":{"name":"(anonymous_6)","decl":{"start":{"line":24,"column":4},"end":{"line":24,"column":18}},"loc":{"start":{"line":24,"column":26},"end":{"line":24,"column":48}},"line":24},"7":{"name":"(anonymous_7)","decl":{"start":{"line":30,"column":26},"end":{"line":30,"column":44}},"loc":{"start":{"line":30,"column":44},"end":{"line":33,"column":5}},"line":30}},"branchMap":{},"s":{"0":6,"1":18,"2":6,"3":13,"4":13,"5":13,"6":13,"7":4,"8":13,"9":13,"10":13,"11":4,"12":4,"13":4,"14":4,"15":13,"16":1,"17":1,"18":13},"f":{"0":18,"1":13,"2":13,"3":4,"4":13,"5":4,"6":4,"7":1},"b":{},"meta":{"lastBranch":0,"lastFunction":8,"lastStatement":19,"seen":{"s:5:6:5:Infinity":0,"s:7:13:7:Infinity":1,"f:7:13:7:31":0,"s:9:13:47:Infinity":2,"f:9:13:9:31":1,"s:10:21:10:Infinity":3,"s:11:22:11:Infinity":4,"s:14:8:14:Infinity":5,"f:14:22:14:36":2,"s:14:36:14:88":6,"f:14:47:14:55":3,"s:14:68:14:84":7,"s:15:8:15:Infinity":8,"f:15:25:15:39":4,"s:15:25:15:71":9,"s:17:8:28:Infinity":10,"f:17:22:17:35":5,"s:18:24:22:Infinity":11,"s:24:4:24:Infinity":12,"f:24:4:24:18":6,"s:24:26:24:48":13,"s:27:4:27:Infinity":14,"s:30:8:33:Infinity":15,"f:30:26:30:44":7,"s:31:4:31:Infinity":16,"s:32:4:32:Infinity":17,"s:35:2:45:Infinity":18},"fnNames":{}}}
,"D:\\sharma-G\\CARBON CREDIT- C3\\src\\utils\\carbonEngine.js": {"path":"D:\\sharma-G\\CARBON CREDIT- C3\\src\\utils\\carbonEngine.js","statementMap":{"0":{"start":{"line":10,"column":30},"end":{"line":15,"column":null}},"1":{"start":{"line":18,"column":28},"end":{"line":34,"column":null}},"2":{"start":{"line":37,"column":29},"end":{"line":41,"column":null}},"3":{"start":{"line":46,"column":13},"end":{"line":53,"column":null}},"4":{"start":{"line":47,"column":2},"end":{"line":47,"column":null}},"5":{"start":{"line":47,"column":18},"end":{"line":47,"column":null}},"6":{"start":{"line":49,"column":2},"end":{"line":52,"column":null}},"7":{"start":{"line":49,"column":34},"end":{"line":52,"column":4}},"8":{"start":{"line":58,"column":13},"end":{"line":64,"column":null}},"9":{"start":{"line":60,"column":2},"end":{"line":60,"column":null}},"10":{"start":{"line":60,"column":24},"end":{"line":60,"column":null}},"11":{"start":{"line":61,"column":2},"end":{"line":61,"column":null}},"12":{"start":{"line":61,"column":24},"end":{"line":61,"column":null}},"13":{"start":{"line":62,"column":2},"end":{"line":62,"column":null}},"14":{"start":{"line":62,"column":25},"end":{"line":62,"column":null}},"15":{"start":{"line":63,"column":2},"end":{"line":63,"column":null}},"16":{"start":{"line":72,"column":13},"end":{"line":99,"column":null}},"17":{"start":{"line":74,"column":2},"end":{"line":85,"column":null}},"18":{"start":{"line":75,"column":4},"end":{"line":77,"column":null}},"19":{"start":{"line":76,"column":6},"end":{"line":76,"column":null}},"20":{"start":{"line":78,"column":4},"end":{"line":80,"column":null}},"21":{"start":{"line":79,"column":6},"end":{"line":79,"column":null}},"22":{"start":{"line":81,"column":4},"end":{"line":83,"column":null}},"23":{"start":{"line":82,"column":6},"end":{"line":82,"column":null}},"24":{"start":{"line":84,"column":4},"end":{"line":84,"column":null}},"25":{"start":{"line":88,"column":2},"end":{"line":91,"column":null}},"26":{"start":{"line":89,"column":28},"end":{"line":89,"column":null}},"27":{"start":{"line":90,"column":4},"end":{"line":90,"column":null}},"28":{"start":{"line":92,"column":2},"end":{"line":94,"column":null}},"29":{"start":{"line":93,"column":4},"end":{"line":93,"column":null}},"30":{"start":{"line":95,"column":2},"end":{"line":97,"column":null}},"31":{"start":{"line":96,"column":4},"end":{"line":96,"column":null}},"32":{"start":{"line":98,"column":2},"end":{"line":98,"column":null}}},"fnMap":{"0":{"name":"(anonymous_0)","decl":{"start":{"line":46,"column":13},"end":{"line":46,"column":32}},"loc":{"start":{"line":46,"column":42},"end":{"line":53,"column":null}},"line":46},"1":{"name":"(anonymous_1)","decl":{"start":{"line":49,"column":23},"end":{"line":49,"column":27}},"loc":{"start":{"line":49,"column":34},"end":{"line":52,"column":4}},"line":49},"2":{"name":"(anonymous_2)","decl":{"start":{"line":58,"column":13},"end":{"line":58,"column":34}},"loc":{"start":{"line":58,"column":50},"end":{"line":64,"column":null}},"line":58},"3":{"name":"(anonymous_3)","decl":{"start":{"line":72,"column":13},"end":{"line":72,"column":30}},"loc":{"start":{"line":72,"column":51},"end":{"line":99,"column":null}},"line":72}},"branchMap":{"0":{"loc":{"start":{"line":47,"column":2},"end":{"line":47,"column":null}},"type":"if","locations":[{"start":{"line":47,"column":2},"end":{"line":47,"column":null}},{"start":{},"end":{}}],"line":47},"1":{"loc":{"start":{"line":60,"column":2},"end":{"line":60,"column":null}},"type":"if","locations":[{"start":{"line":60,"column":2},"end":{"line":60,"column":null}},{"start":{},"end":{}}],"line":60},"2":{"loc":{"start":{"line":61,"column":2},"end":{"line":61,"column":null}},"type":"if","locations":[{"start":{"line":61,"column":2},"end":{"line":61,"column":null}},{"start":{},"end":{}}],"line":61},"3":{"loc":{"start":{"line":62,"column":2},"end":{"line":62,"column":null}},"type":"if","locations":[{"start":{"line":62,"column":2},"end":{"line":62,"column":null}},{"start":{},"end":{}}],"line":62},"4":{"loc":{"start":{"line":74,"column":2},"end":{"line":85,"column":null}},"type":"if","locations":[{"start":{"line":74,"column":2},"end":{"line":85,"column":null}},{"start":{},"end":{}}],"line":74},"5":{"loc":{"start":{"line":75,"column":4},"end":{"line":77,"column":null}},"type":"if","locations":[{"start":{"line":75,"column":4},"end":{"line":77,"column":null}},{"start":{},"end":{}}],"line":75},"6":{"loc":{"start":{"line":78,"column":4},"end":{"line":80,"column":null}},"type":"if","locations":[{"start":{"line":78,"column":4},"end":{"line":80,"column":null}},{"start":{},"end":{}}],"line":78},"7":{"loc":{"start":{"line":81,"column":4},"end":{"line":83,"column":null}},"type":"if","locations":[{"start":{"line":81,"column":4},"end":{"line":83,"column":null}},{"start":{},"end":{}}],"line":81},"8":{"loc":{"start":{"line":88,"column":2},"end":{"line":91,"column":null}},"type":"if","locations":[{"start":{"line":88,"column":2},"end":{"line":91,"column":null}},{"start":{},"end":{}}],"line":88},"9":{"loc":{"start":{"line":92,"column":2},"end":{"line":94,"column":null}},"type":"if","locations":[{"start":{"line":92,"column":2},"end":{"line":94,"column":null}},{"start":{},"end":{}}],"line":92},"10":{"loc":{"start":{"line":95,"column":2},"end":{"line":97,"column":null}},"type":"if","locations":[{"start":{"line":95,"column":2},"end":{"line":97,"column":null}},{"start":{},"end":{}}],"line":95}},"s":{"0":7,"1":7,"2":7,"3":7,"4":4,"5":2,"6":2,"7":6,"8":7,"9":21,"10":12,"11":9,"12":2,"13":7,"14":2,"15":5,"16":7,"17":8,"18":2,"19":1,"20":1,"21":1,"22":0,"23":0,"24":0,"25":6,"26":4,"27":4,"28":2,"29":2,"30":0,"31":0,"32":0},"f":{"0":4,"1":6,"2":21,"3":8},"b":{"0":[2,2],"1":[12,9],"2":[2,7],"3":[2,5],"4":[2,6],"5":[1,1],"6":[1,0],"7":[0,0],"8":[4,2],"9":[2,0],"10":[0,0]},"meta":{"lastBranch":11,"lastFunction":4,"lastStatement":33,"seen":{"s:10:30:15:Infinity":0,"s:18:28:34:Infinity":1,"s:37:29:41:Infinity":2,"s:46:13:53:Infinity":3,"f:46:13:46:32":0,"b:47:2:47:Infinity:undefined:undefined:undefined:undefined":0,"s:47:2:47:Infinity":4,"s:47:18:47:Infinity":5,"s:49:2:52:Infinity":6,"f:49:23:49:27":1,"s:49:34:52:4":7,"s:58:13:64:Infinity":8,"f:58:13:58:34":2,"b:60:2:60:Infinity:undefined:undefined:undefined:undefined":1,"s:60:2:60:Infinity":9,"s:60:24:60:Infinity":10,"b:61:2:61:Infinity:undefined:undefined:undefined:undefined":2,"s:61:2:61:Infinity":11,"s:61:24:61:Infinity":12,"b:62:2:62:Infinity:undefined:undefined:undefined:undefined":3,"s:62:2:62:Infinity":13,"s:62:25:62:Infinity":14,"s:63:2:63:Infinity":15,"s:72:13:99:Infinity":16,"f:72:13:72:30":3,"b:74:2:85:Infinity:undefined:undefined:undefined:undefined":4,"s:74:2:85:Infinity":17,"b:75:4:77:Infinity:undefined:undefined:undefined:undefined":5,"s:75:4:77:Infinity":18,"s:76:6:76:Infinity":19,"b:78:4:80:Infinity:undefined:undefined:undefined:undefined":6,"s:78:4:80:Infinity":20,"s:79:6:79:Infinity":21,"b:81:4:83:Infinity:undefined:undefined:undefined:undefined":7,"s:81:4:83:Infinity":22,"s:82:6:82:Infinity":23,"s:84:4:84:Infinity":24,"b:88:2:91:Infinity:undefined:undefined:undefined:undefined":8,"s:88:2:91:Infinity":25,"s:89:28:89:Infinity":26,"s:90:4:90:Infinity":27,"b:92:2:94:Infinity:undefined:undefined:undefined:undefined":9,"s:92:2:94:Infinity":28,"s:93:4:93:Infinity":29,"b:95:2:97:Infinity:undefined:undefined:undefined:undefined":10,"s:95:2:97:Infinity":30,"s:96:4:96:Infinity":31,"s:98:2:98:Infinity":32},"fnNames":{}}}
}
